[2026-03-29T09:56:59.327Z] xinchen 举报 123456: 1
[2026-03-29T09:57:34.306Z] xinchen 举报 hello: ？
[2026-03-31T09:46:44.501Z] xinchen 举报 滚: 呜呜呜
[2026-03-31T09:46:45.407Z] xinchen 举报 滚: 呜呜呜
[2026-03-31T09:46:45.431Z] xinchen 举报 滚: 呜呜呜
[2026-03-31T09:46:45.480Z] xinchen 举报 滚: 呜呜呜
[2026-03-31T09:46:54.498Z] xinchen 举报 他: ？
[2026-03-31T09:46:55.240Z] xinchen 举报 他: ？
[2026-03-31T09:47:37.981Z] xinchen 举报 的: 的
[2026-03-31T09:47:45.446Z] xinchen 举报 对: ？
[2026-03-31T09:47:50.249Z] xinchen 举报 等: 的
[2026-03-31T09:47:50.372Z] xinchen 举报 等: 的
[2026-03-31T09:47:50.587Z] xinchen 举报 等: 的
[2026-03-31T09:47:50.762Z] xinchen 举报 等: 的
[2026-03-31T09:47:50.845Z] xinchen 举报 等: 的
[2026-03-31T09:47:50.956Z] xinchen 举报 等: 的
[2026-03-31T09:57:56.577Z] xinchen 举报 000: 0？
[2026-03-31T09:58:05.575Z] xinchen 举报 0: 0
[2026-03-31T09:58:05.935Z] xinchen 举报 0: 0
[2026-03-31T09:58:05.946Z] xinchen 举报 0: 0
[2026-03-31T09:58:06.265Z] xinchen 举报 0: 0
